ูพุงู ุชุงุฒู ุงุฒ ุทุฑู: Jawid M
ูพุงู:
/start
{"chat_id":235295851,"disable_notification":"nil","disable_web_page_preview":"nil","parse_mode":"","reply_markup":"{\"keyboard\":[[\"ููฺฉ ูู\"]],\"resize_keyboard\":true}","text":"ุณูุงู Jawid M\nูุจูุง ฺฉุจุงุฑ ุนุถู ุดุฏ ูุงโน๏ธ"}
ูพุงู ุชุงุฒู ุงุฒ ุทุฑู: Jawid M
ูพุงู:
ููฺฉ ูู
{"chat_id":235295851,"disable_notification":"nil","disable_web_page_preview":"nil","parse_mode":"","reply_markup":"{\"keyboard\":[[\"ููฺฉ ูู\"]],\"resize_keyboard\":true}","text":"๐ขููฺฉ ูุนุฑู:\nhttps://telegram.me/vbuBot?start=235295851\n\n๐ข ุงุนุชุจุงุฑ:0\n\nููุช ฺฉู ฒฐ ููุฑ ุชูุณุท ุดูุง ุฏุนูุช ุจุดู ูุชูู ฺฏุฑูู ุฑุงฺฏุงูุชู ูุฑ ุฒูุงู ฺฉู ุจุฎูุง ุจุณุงุฒ\n\nุฏุฑ ุถูู ูุฑููุช ู ููุฑ ุชูุณุท ุดูุง ุฏุนูุช ุจุดู ููู ุจูุช ูููู ูููุน ุงุทูุงุน ูุฏูโ๏ธุฒูุฏ ุจุงุด ููฺฉ ุฑู ุจู ุฏูุณุชุงุช ุจุฏู...\n\nุญุชูุง ุจุงุฏ ฒฐ ููุฑ ุจุง ููฺฉ ุชู ุฏุงุฎู ุฑุจุงุช ุนุถู ุจุดู(ููุท ุงุฑุณุงู ุจู ฒฐ ููุฑ ฺฉุงู ูุณุช)"}
ูพุงู ุชุงุฒู ุงุฒ ุทุฑู: Jawid M
ูพุงู:
ููฺฉ ูู
{"chat_id":235295851,"disable_notification":"nil","disable_web_page_preview":"nil","parse_mode":"","reply_markup":"{\"keyboard\":[[\"ููฺฉ ูู\"]],\"resize_keyboard\":true}","text":"๐ขููฺฉ ูุนุฑู:\nhttps://telegram.me/vbuBot?start=235295851\n\n๐ข ุงุนุชุจุงุฑ:0\n\nููุช ฺฉู ฒฐ ููุฑ ุชูุณุท ุดูุง ุฏุนูุช ุจุดู ูุชูู ฺฏุฑูู ุฑุงฺฏุงูุชู ูุฑ ุฒูุงู ฺฉู ุจุฎูุง ุจุณุงุฒ\n\nุฏุฑ ุถูู ูุฑููุช ู ููุฑ ุชูุณุท ุดูุง ุฏุนูุช ุจุดู ููู ุจูุช ูููู ูููุน ุงุทูุงุน ูุฏูโ๏ธุฒูุฏ ุจุงุด ููฺฉ ุฑู ุจู ุฏูุณุชุงุช ุจุฏู...\n\nุญุชูุง ุจุงุฏ ฒฐ ููุฑ ุจุง ููฺฉ ุชู ุฏุงุฎู ุฑุจุงุช ุนุถู ุจุดู(ููุท ุงุฑุณุงู ุจู ฒฐ ููุฑ ฺฉุงู ูุณุช)"}
ูพุงู ุชุงุฒู ุงุฒ ุทุฑู: โฆ
ูพุงู:
/start 190772401
{"chat_id":206637124,"disable_notification":"nil","disable_web_page_preview":"nil","parse_mode":"","reply_markup":"{\"keyboard\":[[\"ููฺฉ ูู\"]],\"resize_keyboard\":true}","text":"ุณูุงู โฆ\nุจุง ูู ูุชูู ุจ ููุงุช ฺฏุฑูู ุฑุงฺฏุงู ุจุง ุฑุจุงุช ฺฉุฑูู ุจฺฏุฑ\n\nูฺ ฺฉุงุฑ ูุฏุงุฑูุ ุชู ููุท ุจุงุฏ ุงู ููฺฉ ุฑู ฺฉู ูพุงู ูุฏู ุฑู ุจู ุฏูุณุชุงุช ุจุฏ ุชุง ูู ุจุง ุงูููุง ุงุฒ ุทุฑู ุชู ุขุดูุง ุดู.\n\n๐ขููฺฉ ูุนุฑู:\nhttps://telegram.me/vbuBot?start=206637124\n\n๐ฅููุช ฺฉู ฒฐ ููุฑ ุชูุณุท ุดูุง ุฏุนูุช ุจุดู ูุชูู ฺฏุฑูู ุฑุงฺฏุงูุชู ูุฑ ุฒูุงู ฺฉู ุจุฎูุง ุจุณุงุฒ๐ฅ\n\nุฏุฑ ุถูู ูุฑููุช ู ููุฑ ุชูุณุท ุดูุง ุฏุนูุช ุจุดู ููู ุจูุช ูููู ูููุน ุงุทูุงุน ูุฏู\n\n๐ฅูุณุช ุฏุณุชูุฑุงุช ุงุตู:\n/creategp - ุณุงุฎุช ฺฏุฑูู\n/mylink - ููุงุด ููฺฉ ูุนุฑู ุดูุง\n\nโ๏ธุฒูุฏ ุจุงุด ููฺฉ ุฑู ุจู ุฏูุณุชุงุช ุจุฏู...\n\nุญุชูุง ุจุงุฏ ฒฐ ููุฑ ุจุง ููฺฉ ุชู ุฏุงุฎู ุฑุจุงุช ุนุถู ุจุดู(ููุท ุงุฑุณุงู ุจู ฒฐ ููุฑ ฺฉุงู ูุณุช)"}
{"chat_id":206637124,"disable_notification":"nil","disable_web_page_preview":"nil","parse_mode":"","reply_markup":"{\"keyboard\":[[\"ููฺฉ ูู\"]],\"resize_keyboard\":true}","text":" ุจู ุฏูุณุช ุดูุง ุจุฑุง ูุฑูุฏ ุดูุง ฺฉ ุงูุชุงุฒ ุฏุงุฏู ุดุฏ :|"}
{"chat_id":"190772401","disable_notification":"nil","disable_web_page_preview":"nil","parse_mode":"","reply_markup":"{\"keyboard\":[[\"ููฺฉ ูู\"]],\"resize_keyboard\":true}","text":"ุชุจุฑฺฉุฺฉ ููุฑ ุงุฒ ุทุฑู ุดูุง ูุงุฑุฏ ุฑุจุงุช ุดุฏ ู ุจู ุงุนุชุจุงุฑ ุดูุง ฺฉ ุนุถู ุงูุฒูุฏู ุดุฏ"}
ูพุงู ุชุงุฒู ุงุฒ ุทุฑู: M.KH
ูพุงู:
ููฺฉ ูู
{"chat_id":190772401,"disable_notification":"nil","disable_web_page_preview":"nil","parse_mode":"","reply_markup":"{\"keyboard\":[[\"ููฺฉ ูู\"]],\"resize_keyboard\":true}","text":"๐ขููฺฉ ูุนุฑู:\nhttps://telegram.me/vbuBot?start=190772401\n\n๐ข ุงุนุชุจุงุฑ:3\n\nููุช ฺฉู ฒฐ ููุฑ ุชูุณุท ุดูุง ุฏุนูุช ุจุดู ูุชูู ฺฏุฑูู ุฑุงฺฏุงูุชู ูุฑ ุฒูุงู ฺฉู ุจุฎูุง ุจุณุงุฒ\n\nุฏุฑ ุถูู ูุฑููุช ู ููุฑ ุชูุณุท ุดูุง ุฏุนูุช ุจุดู ููู ุจูุช ูููู ูููุน ุงุทูุงุน ูุฏูโ๏ธุฒูุฏ ุจุงุด ููฺฉ ุฑู ุจู ุฏูุณุชุงุช ุจุฏู...\n\nุญุชูุง ุจุงุฏ ฒฐ ููุฑ ุจุง ููฺฉ ุชู ุฏุงุฎู ุฑุจุงุช ุนุถู ุจุดู(ููุท ุงุฑุณุงู ุจู ฒฐ ููุฑ ฺฉุงู ูุณุช)"}
ูพุงู ุชุงุฒู ุงุฒ ุทุฑู: ๐HiddeN_eye๐
ูพุงู:
/creator
ูพุงู ุชุงุฒู ุงุฒ ุทุฑู: ๐HiddeN_eye๐
ูพุงู:
ููฺฉ ูู
{"chat_id":182605662,"disable_notification":"nil","disable_web_page_preview":"nil","parse_mode":"","reply_markup":"{\"keyboard\":[[\"ููฺฉ ูู\"]],\"resize_keyboard\":true}","text":"๐ขููฺฉ ูุนุฑู:\nhttps://telegram.me/vbuBot?start=182605662\n\n๐ข ุงุนุชุจุงุฑ:0\n\nููุช ฺฉู ฒฐ ููุฑ ุชูุณุท ุดูุง ุฏุนูุช ุจุดู ูุชูู ฺฏุฑูู ุฑุงฺฏุงูุชู ูุฑ ุฒูุงู ฺฉู ุจุฎูุง ุจุณุงุฒ\n\nุฏุฑ ุถูู ูุฑููุช ู ููุฑ ุชูุณุท ุดูุง ุฏุนูุช ุจุดู ููู ุจูุช ูููู ูููุน ุงุทูุงุน ูุฏูโ๏ธุฒูุฏ ุจุงุด ููฺฉ ุฑู ุจู ุฏูุณุชุงุช ุจุฏู...\n\nุญุชูุง ุจุงุฏ ฒฐ ููุฑ ุจุง ููฺฉ ุชู ุฏุงุฎู ุฑุจุงุช ุนุถู ุจุดู(ููุท ุงุฑุณุงู ุจู ฒฐ ููุฑ ฺฉุงู ูุณุช)"}
ูพุงู ุชุงุฒู ุงุฒ ุทุฑู: Mohamad
ูพุงู:
/start
{"chat_id":202979176,"disable_notification":"nil","disable_web_page_preview":"nil","parse_mode":"","reply_markup":"{\"keyboard\":[[\"ููฺฉ ูู\"]],\"resize_keyboard\":true}","text":"ุณูุงู Mohamad \nุจุง ูู ูุชูู ุชุนุฏุงุฏ ูุงูุญุฏูุฏ ฺฏุฑูู ุถุฏ ุงุณูพู ุจุง ุฑุจุงุช ฺฉุฑูู ุฏุฑุงูุช ฺฉู\n\nูฺ ฺฉุงุฑ ูุฏุงุฑูุ ุชู ููุท ุจุงุฏ ุงู ููฺฉ ุฑู ฺฉู ูพุงู ูุฏู ุฑู ุจู ุฏูุณุชุงุช ุจุฏ ุชุง ูู ุจุง ุงูููุง ุงุฒ ุทุฑู ุชู ุขุดูุง ุดู.\n\n๐ขููฺฉ ูุนุฑู:\nhttps://telegram.me/vbuBot?start=202979176\n\nููุช 20 ููุฑ ุขูุฑุฏ ูุชูู ูุฑ ููุช ุฎูุงุณุช ฺฏุฑูู ุฑุงฺฏุงูุชู ุจฺฏุฑ\n\nุฏุฑ ุถูู ูุฑููุช ู ููุฑ ุชูุณุท ุดูุง ุฏุนูุช ุจุดู ููู ุจูุช ูููู ูููุน ุงุทูุงุน ูุฏู\n\n๐ฅูุณุช ุฏุณุชูุฑุงุช ุงุตู:\n/creategp - ุณุงุฎุช ฺฏุฑูู\n/mylink - ููุงุด ููฺฉ ูุนุฑู ุดูุง\n\nโ๏ธุฒูุฏ ุจุงุด ููฺฉ ุฑู ุจู ุฏูุณุชุงุช ุจุฏู...\n\nุญุชูุง ุจุงุฏ ฒฐ ููุฑ ุจุง ููฺฉ ุชู ุฏุงุฎู ุฑุจุงุช ุนุถู ุจุดู(ููุท ุงุฑุณุงู ุจู ฒฐ ููุฑ ฺฉุงู ูุณุช)"}
ูพุงู ุชุงุฒู ุงุฒ ุทุฑู: Mohamad
ูพุงู:
ููฺฉ ูู
{"chat_id":202979176,"disable_notification":"nil","disable_web_page_preview":"nil","parse_mode":"","reply_markup":"{\"keyboard\":[[\"ููฺฉ ูู\"]],\"resize_keyboard\":true}","text":"๐ขููฺฉ ูุนุฑู:\nhttps://telegram.me/vbuBot?start=202979176\n\n๐ข ุงุนุชุจุงุฑ:0\n\nููุช ฺฉู ฒฐ ููุฑ ุชูุณุท ุดูุง ุฏุนูุช ุจุดู ูุชูู ฺฏุฑูู ุฑุงฺฏุงูุชู ูุฑ ุฒูุงู ฺฉู ุจุฎูุง ุจุณุงุฒ\n\nุฏุฑ ุถูู ูุฑููุช ู ููุฑ ุชูุณุท ุดูุง ุฏุนูุช ุจุดู ููู ุจูุช ูููู ูููุน ุงุทูุงุน ูุฏูโ๏ธุฒูุฏ ุจุงุด ููฺฉ ุฑู ุจู ุฏูุณุชุงุช ุจุฏู...\n\nุญุชูุง ุจุงุฏ ฒฐ ููุฑ ุจุง ููฺฉ ุชู ุฏุงุฎู ุฑุจุงุช ุนุถู ุจุดู(ููุท ุงุฑุณุงู ุจู ฒฐ ููุฑ ฺฉุงู ูุณุช)"}
ูพุงู ุชุงุฒู ุงุฒ ุทุฑู: Mohamad
ูพุงู:
/creategp
{"chat_id":202979176,"disable_notification":"nil","disable_web_page_preview":"nil","parse_mode":"","reply_markup":"{\"keyboard\":[[\"ููฺฉ ูู\"]],\"resize_keyboard\":true}","text":"๐ซ ูุทูุง ุงุณู ฺฏุฑูู ุฑุง  ุจู ุฏุฑุณุชู ูุงุฑุฏ ููุงููุฏ."}
ูพุงู ุชุงุฒู ุงุฒ ุทุฑู: Mohamad
ูพุงู:
:/
ูพุงู ุชุงุฒู ุงุฒ ุทุฑู: Mohamad
ูพุงู:
/creategp :ุ
{"chat_id":202979176,"disable_notification":"nil","disable_web_page_preview":"nil","parse_mode":"","reply_markup":"{\"keyboard\":[[\"ููฺฉ ูู\"]],\"resize_keyboard\":true}","text":"๐ซ ุดูุง ุงุนุชุจุงุฑ ฺฉุงู ูุฏุงุฑุฏ\n\n๐ขููฺฉ ูุนุฑู:\nhttps://telegram.me/vbuBot?start=202979176\n\n๐ข ุงุนุชุจุงุฑ:0\n\n๐ฅููุช ฺฉู ฒฐ ููุฑ ุชูุณุท ุดูุง ุฏุนูุช ุจุดู ูุชูู ฺฏุฑูู ุฑุงฺฏุงูุชู ูุฑ ุฒูุงู ฺฉู ุจุฎูุง ุจุณุงุฒ๐ฅ\n\nุฏุฑ ุถูู ูุฑููุช ู ููุฑ ุชูุณุท ุดูุง ุฏุนูุช ุจุดู ููู ุจูุช ูููู ูููุน ุงุทูุงุน ูุฏูโ๏ธุฒูุฏ ุจุงุด ููฺฉ ุฑู ุจู ุฏูุณุชุงุช ุจุฏู...\n\nุญุชูุง ุจุงุฏ ฒฐ ููุฑ ุจุง ููฺฉ ุชู ุฏุงุฎู ุฑุจุงุช ุนุถู ุจุดู(ููุท ุงุฑุณุงู ุจู ฒฐ ููุฑ ฺฉุงู ูุณุช)"}
ูพุงู ุชุงุฒู ุงุฒ ุทุฑู: ลฯ ล๏พสฮต
ูพุงู:
/start
{"chat_id":257881976,"disable_notification":"nil","disable_web_page_preview":"nil","parse_mode":"","reply_markup":"{\"keyboard\":[[\"ููฺฉ ูู\"]],\"resize_keyboard\":true}","text":"ุณูุงู ลฯ ล๏พสฮต \nุจุง ูู ูุชูู ุชุนุฏุงุฏ ูุงูุญุฏูุฏ ฺฏุฑูู ุถุฏ ุงุณูพู ุจุง ุฑุจุงุช ฺฉุฑูู ุฏุฑุงูุช ฺฉู\n\nูฺ ฺฉุงุฑ ูุฏุงุฑูุ ุชู ููุท ุจุงุฏ ุงู ููฺฉ ุฑู ฺฉู ูพุงู ูุฏู ุฑู ุจู ุฏูุณุชุงุช ุจุฏ ุชุง ูู ุจุง ุงูููุง ุงุฒ ุทุฑู ุชู ุขุดูุง ุดู.\n\n๐ขููฺฉ ูุนุฑู:\nhttps://telegram.me/vbuBot?start=257881976\n\nููุช 20 ููุฑ ุขูุฑุฏ ูุชูู ูุฑ ููุช ุฎูุงุณุช ฺฏุฑูู ุฑุงฺฏุงูุชู ุจฺฏุฑ\n\nุฏุฑ ุถูู ูุฑููุช ู ููุฑ ุชูุณุท ุดูุง ุฏุนูุช ุจุดู ููู ุจูุช ูููู ูููุน ุงุทูุงุน ูุฏู\n\n๐ฅูุณุช ุฏุณุชูุฑุงุช ุงุตู:\n/creategp - ุณุงุฎุช ฺฏุฑูู\n/mylink - ููุงุด ููฺฉ ูุนุฑู ุดูุง\n\nโ๏ธุฒูุฏ ุจุงุด ููฺฉ ุฑู ุจู ุฏูุณุชุงุช ุจุฏู...\n\nุญุชูุง ุจุงุฏ ฒฐ ููุฑ ุจุง ููฺฉ ุชู ุฏุงุฎู ุฑุจุงุช ุนุถู ุจุดู(ููุท ุงุฑุณุงู ุจู ฒฐ ููุฑ ฺฉุงู ูุณุช)"}
ูพุงู ุชุงุฒู ุงุฒ ุทุฑู: ลฯ ล๏พสฮต
ูพุงู:
ููฺฉ ูู
{"chat_id":257881976,"disable_notification":"nil","disable_web_page_preview":"nil","parse_mode":"","reply_markup":"{\"keyboard\":[[\"ููฺฉ ูู\"]],\"resize_keyboard\":true}","text":"๐ขููฺฉ ูุนุฑู:\nhttps://telegram.me/vbuBot?start=257881976\n\n๐ข ุงุนุชุจุงุฑ:0\n\nููุช ฺฉู ฒฐ ููุฑ ุชูุณุท ุดูุง ุฏุนูุช ุจุดู ูุชูู ฺฏุฑูู ุฑุงฺฏุงูุชู ูุฑ ุฒูุงู ฺฉู ุจุฎูุง ุจุณุงุฒ\n\nุฏุฑ ุถูู ูุฑููุช ู ููุฑ ุชูุณุท ุดูุง ุฏุนูุช ุจุดู ููู ุจูุช ูููู ูููุน ุงุทูุงุน ูุฏูโ๏ธุฒูุฏ ุจุงุด ููฺฉ ุฑู ุจู ุฏูุณุชุงุช ุจุฏู...\n\nุญุชูุง ุจุงุฏ ฒฐ ููุฑ ุจุง ููฺฉ ุชู ุฏุงุฎู ุฑุจุงุช ุนุถู ุจุดู(ููุท ุงุฑุณุงู ุจู ฒฐ ููุฑ ฺฉุงู ูุณุช)"}
